<?xml version="1.0" encoding="UTF-8"?>
<testng-results ignored="0" total="21" passed="21" failed="0" skipped="0">
  <reporter-output>
  </reporter-output>
  <suite started-at="2023-09-29T11:47:33 EDT" name="Command line suite" finished-at="2023-09-29T11:47:33 EDT" duration-ms="59">
    <groups>
    </groups>
    <test started-at="2023-09-29T11:47:33 EDT" name="Command line test" finished-at="2023-09-29T11:47:33 EDT" duration-ms="59">
      <class name="eost.InsuranceTest">
        <test-method signature="test_premium(java.lang.String,int,eost.Insurance$Status,boolean,int)[pri:0, instance:eost.InsuranceTest@bd8db5a]" started-at="2023-09-29T11:47:33 EDT" name="test_premium" data-provider="dataset1" finished-at="2023-09-29T11:47:33 EDT" duration-ms="9" status="PASS">
          <params>
            <param index="0">
              <value>
                <![CDATA[T1.1]]>
              </value>
            </param>
            <param index="1">
              <value>
                <![CDATA[8]]>
              </value>
            </param>
            <param index="2">
              <value>
                <![CDATA[NO]]>
              </value>
            </param>
            <param index="3">
              <value>
                <![CDATA[false]]>
              </value>
            </param>
            <param index="4">
              <value>
                <![CDATA[0]]>
              </value>
            </param>
          </params>
          <reporter-output>
          </reporter-output>
        </test-method> <!-- test_premium -->
        <test-method signature="test_premium(java.lang.String,int,eost.Insurance$Status,boolean,int)[pri:0, instance:eost.InsuranceTest@bd8db5a]" started-at="2023-09-29T11:47:33 EDT" name="test_premium" data-provider="dataset1" finished-at="2023-09-29T11:47:33 EDT" duration-ms="1" status="PASS">
          <params>
            <param index="0">
              <value>
                <![CDATA[T1.3]]>
              </value>
            </param>
            <param index="1">
              <value>
                <![CDATA[35]]>
              </value>
            </param>
            <param index="2">
              <value>
                <![CDATA[NO]]>
              </value>
            </param>
            <param index="3">
              <value>
                <![CDATA[false]]>
              </value>
            </param>
            <param index="4">
              <value>
                <![CDATA[500]]>
              </value>
            </param>
          </params>
          <reporter-output>
          </reporter-output>
        </test-method> <!-- test_premium -->
        <test-method signature="test_premium(java.lang.String,int,eost.Insurance$Status,boolean,int)[pri:0, instance:eost.InsuranceTest@bd8db5a]" started-at="2023-09-29T11:47:33 EDT" name="test_premium" data-provider="dataset1" finished-at="2023-09-29T11:47:33 EDT" duration-ms="0" status="PASS">
          <params>
            <param index="0">
              <value>
                <![CDATA[T1.2]]>
              </value>
            </param>
            <param index="1">
              <value>
                <![CDATA[20]]>
              </value>
            </param>
            <param index="2">
              <value>
                <![CDATA[NO]]>
              </value>
            </param>
            <param index="3">
              <value>
                <![CDATA[false]]>
              </value>
            </param>
            <param index="4">
              <value>
                <![CDATA[2000]]>
              </value>
            </param>
          </params>
          <reporter-output>
          </reporter-output>
        </test-method> <!-- test_premium -->
        <test-method signature="test_premium(java.lang.String,int,eost.Insurance$Status,boolean,int)[pri:0, instance:eost.InsuranceTest@bd8db5a]" started-at="2023-09-29T11:47:33 EDT" name="test_premium" data-provider="dataset1" finished-at="2023-09-29T11:47:33 EDT" duration-ms="0" status="PASS">
          <params>
            <param index="0">
              <value>
                <![CDATA[T1.4]]>
              </value>
            </param>
            <param index="1">
              <value>
                <![CDATA[55]]>
              </value>
            </param>
            <param index="2">
              <value>
                <![CDATA[NO]]>
              </value>
            </param>
            <param index="3">
              <value>
                <![CDATA[false]]>
              </value>
            </param>
            <param index="4">
              <value>
                <![CDATA[500]]>
              </value>
            </param>
          </params>
          <reporter-output>
          </reporter-output>
        </test-method> <!-- test_premium -->
        <test-method signature="test_premium(java.lang.String,int,eost.Insurance$Status,boolean,int)[pri:0, instance:eost.InsuranceTest@bd8db5a]" started-at="2023-09-29T11:47:33 EDT" name="test_premium" data-provider="dataset1" finished-at="2023-09-29T11:47:33 EDT" duration-ms="0" status="PASS">
          <params>
            <param index="0">
              <value>
                <![CDATA[T1.5]]>
              </value>
            </param>
            <param index="1">
              <value>
                <![CDATA[80]]>
              </value>
            </param>
            <param index="2">
              <value>
                <![CDATA[NO]]>
              </value>
            </param>
            <param index="3">
              <value>
                <![CDATA[false]]>
              </value>
            </param>
            <param index="4">
              <value>
                <![CDATA[0]]>
              </value>
            </param>
          </params>
          <reporter-output>
          </reporter-output>
        </test-method> <!-- test_premium -->
        <test-method signature="test_premium(java.lang.String,int,eost.Insurance$Status,boolean,int)[pri:0, instance:eost.InsuranceTest@bd8db5a]" started-at="2023-09-29T11:47:33 EDT" name="test_premium" data-provider="dataset1" finished-at="2023-09-29T11:47:33 EDT" duration-ms="0" status="PASS">
          <params>
            <param index="0">
              <value>
                <![CDATA[T2.1]]>
              </value>
            </param>
            <param index="1">
              <value>
                <![CDATA[35]]>
              </value>
            </param>
            <param index="2">
              <value>
                <![CDATA[YES]]>
              </value>
            </param>
            <param index="3">
              <value>
                <![CDATA[false]]>
              </value>
            </param>
            <param index="4">
              <value>
                <![CDATA[300]]>
              </value>
            </param>
          </params>
          <reporter-output>
          </reporter-output>
        </test-method> <!-- test_premium -->
        <test-method signature="test_premium(java.lang.String,int,eost.Insurance$Status,boolean,int)[pri:0, instance:eost.InsuranceTest@bd8db5a]" started-at="2023-09-29T11:47:33 EDT" name="test_premium" data-provider="dataset1" finished-at="2023-09-29T11:47:33 EDT" duration-ms="0" status="PASS">
          <params>
            <param index="0">
              <value>
                <![CDATA[T2.2]]>
              </value>
            </param>
            <param index="1">
              <value>
                <![CDATA[60]]>
              </value>
            </param>
            <param index="2">
              <value>
                <![CDATA[YES]]>
              </value>
            </param>
            <param index="3">
              <value>
                <![CDATA[true]]>
              </value>
            </param>
            <param index="4">
              <value>
                <![CDATA[300]]>
              </value>
            </param>
          </params>
          <reporter-output>
          </reporter-output>
        </test-method> <!-- test_premium -->
        <test-method signature="test_premium(java.lang.String,int,eost.Insurance$Status,boolean,int)[pri:0, instance:eost.InsuranceTest@bd8db5a]" started-at="2023-09-29T11:47:33 EDT" name="test_premium" data-provider="dataset1" finished-at="2023-09-29T11:47:33 EDT" duration-ms="0" status="PASS">
          <params>
            <param index="0">
              <value>
                <![CDATA[T3.1]]>
              </value>
            </param>
            <param index="1">
              <value>
                <![CDATA[-50]]>
              </value>
            </param>
            <param index="2">
              <value>
                <![CDATA[NO]]>
              </value>
            </param>
            <param index="3">
              <value>
                <![CDATA[false]]>
              </value>
            </param>
            <param index="4">
              <value>
                <![CDATA[-1]]>
              </value>
            </param>
          </params>
          <reporter-output>
          </reporter-output>
        </test-method> <!-- test_premium -->
        <test-method signature="test_premium(java.lang.String,int,eost.Insurance$Status,boolean,int)[pri:0, instance:eost.InsuranceTest@bd8db5a]" started-at="2023-09-29T11:47:33 EDT" name="test_premium" data-provider="dataset1" finished-at="2023-09-29T11:47:33 EDT" duration-ms="0" status="PASS">
          <params>
            <param index="0">
              <value>
                <![CDATA[T5.1]]>
              </value>
            </param>
            <param index="1">
              <value>
                <![CDATA[-1]]>
              </value>
            </param>
            <param index="2">
              <value>
                <![CDATA[NOT_STATED]]>
              </value>
            </param>
            <param index="3">
              <value>
                <![CDATA[false]]>
              </value>
            </param>
            <param index="4">
              <value>
                <![CDATA[-1]]>
              </value>
            </param>
          </params>
          <reporter-output>
          </reporter-output>
        </test-method> <!-- test_premium -->
        <test-method signature="test_premium(java.lang.String,int,eost.Insurance$Status,boolean,int)[pri:0, instance:eost.InsuranceTest@bd8db5a]" started-at="2023-09-29T11:47:33 EDT" name="test_premium" data-provider="dataset1" finished-at="2023-09-29T11:47:33 EDT" duration-ms="0" status="PASS">
          <params>
            <param index="0">
              <value>
                <![CDATA[T4.1]]>
              </value>
            </param>
            <param index="1">
              <value>
                <![CDATA[30]]>
              </value>
            </param>
            <param index="2">
              <value>
                <![CDATA[NOT_STATED]]>
              </value>
            </param>
            <param index="3">
              <value>
                <![CDATA[false]]>
              </value>
            </param>
            <param index="4">
              <value>
                <![CDATA[-1]]>
              </value>
            </param>
          </params>
          <reporter-output>
          </reporter-output>
        </test-method> <!-- test_premium -->
        <test-method signature="test_premium(java.lang.String,int,eost.Insurance$Status,boolean,int)[pri:0, instance:eost.InsuranceTest@bd8db5a]" started-at="2023-09-29T11:47:33 EDT" name="test_premium" data-provider="dataset1" finished-at="2023-09-29T11:47:33 EDT" duration-ms="0" status="PASS">
          <params>
            <param index="0">
              <value>
                <![CDATA[T6.1]]>
              </value>
            </param>
            <param index="1">
              <value>
                <![CDATA[0]]>
              </value>
            </param>
            <param index="2">
              <value>
                <![CDATA[NO]]>
              </value>
            </param>
            <param index="3">
              <value>
                <![CDATA[false]]>
              </value>
            </param>
            <param index="4">
              <value>
                <![CDATA[0]]>
              </value>
            </param>
          </params>
          <reporter-output>
          </reporter-output>
        </test-method> <!-- test_premium -->
        <test-method signature="test_premium(java.lang.String,int,eost.Insurance$Status,boolean,int)[pri:0, instance:eost.InsuranceTest@bd8db5a]" started-at="2023-09-29T11:47:33 EDT" name="test_premium" data-provider="dataset1" finished-at="2023-09-29T11:47:33 EDT" duration-ms="0" status="PASS">
          <params>
            <param index="0">
              <value>
                <![CDATA[T6.3]]>
              </value>
            </param>
            <param index="1">
              <value>
                <![CDATA[16]]>
              </value>
            </param>
            <param index="2">
              <value>
                <![CDATA[NO]]>
              </value>
            </param>
            <param index="3">
              <value>
                <![CDATA[false]]>
              </value>
            </param>
            <param index="4">
              <value>
                <![CDATA[2000]]>
              </value>
            </param>
          </params>
          <reporter-output>
          </reporter-output>
        </test-method> <!-- test_premium -->
        <test-method signature="test_premium(java.lang.String,int,eost.Insurance$Status,boolean,int)[pri:0, instance:eost.InsuranceTest@bd8db5a]" started-at="2023-09-29T11:47:33 EDT" name="test_premium" data-provider="dataset1" finished-at="2023-09-29T11:47:33 EDT" duration-ms="0" status="PASS">
          <params>
            <param index="0">
              <value>
                <![CDATA[T6.2]]>
              </value>
            </param>
            <param index="1">
              <value>
                <![CDATA[15]]>
              </value>
            </param>
            <param index="2">
              <value>
                <![CDATA[NO]]>
              </value>
            </param>
            <param index="3">
              <value>
                <![CDATA[false]]>
              </value>
            </param>
            <param index="4">
              <value>
                <![CDATA[0]]>
              </value>
            </param>
          </params>
          <reporter-output>
          </reporter-output>
        </test-method> <!-- test_premium -->
        <test-method signature="test_premium(java.lang.String,int,eost.Insurance$Status,boolean,int)[pri:0, instance:eost.InsuranceTest@bd8db5a]" started-at="2023-09-29T11:47:33 EDT" name="test_premium" data-provider="dataset1" finished-at="2023-09-29T11:47:33 EDT" duration-ms="0" status="PASS">
          <params>
            <param index="0">
              <value>
                <![CDATA[T6.4]]>
              </value>
            </param>
            <param index="1">
              <value>
                <![CDATA[24]]>
              </value>
            </param>
            <param index="2">
              <value>
                <![CDATA[YES]]>
              </value>
            </param>
            <param index="3">
              <value>
                <![CDATA[true]]>
              </value>
            </param>
            <param index="4">
              <value>
                <![CDATA[2000]]>
              </value>
            </param>
          </params>
          <reporter-output>
          </reporter-output>
        </test-method> <!-- test_premium -->
        <test-method signature="test_premium(java.lang.String,int,eost.Insurance$Status,boolean,int)[pri:0, instance:eost.InsuranceTest@bd8db5a]" started-at="2023-09-29T11:47:33 EDT" name="test_premium" data-provider="dataset1" finished-at="2023-09-29T11:47:33 EDT" duration-ms="0" status="PASS">
          <params>
            <param index="0">
              <value>
                <![CDATA[T6.5]]>
              </value>
            </param>
            <param index="1">
              <value>
                <![CDATA[25]]>
              </value>
            </param>
            <param index="2">
              <value>
                <![CDATA[YES]]>
              </value>
            </param>
            <param index="3">
              <value>
                <![CDATA[true]]>
              </value>
            </param>
            <param index="4">
              <value>
                <![CDATA[300]]>
              </value>
            </param>
          </params>
          <reporter-output>
          </reporter-output>
        </test-method> <!-- test_premium -->
        <test-method signature="test_premium(java.lang.String,int,eost.Insurance$Status,boolean,int)[pri:0, instance:eost.InsuranceTest@bd8db5a]" started-at="2023-09-29T11:47:33 EDT" name="test_premium" data-provider="dataset1" finished-at="2023-09-29T11:47:33 EDT" duration-ms="0" status="PASS">
          <params>
            <param index="0">
              <value>
                <![CDATA[T6.6]]>
              </value>
            </param>
            <param index="1">
              <value>
                <![CDATA[44]]>
              </value>
            </param>
            <param index="2">
              <value>
                <![CDATA[YES]]>
              </value>
            </param>
            <param index="3">
              <value>
                <![CDATA[false]]>
              </value>
            </param>
            <param index="4">
              <value>
                <![CDATA[300]]>
              </value>
            </param>
          </params>
          <reporter-output>
          </reporter-output>
        </test-method> <!-- test_premium -->
        <test-method signature="test_premium(java.lang.String,int,eost.Insurance$Status,boolean,int)[pri:0, instance:eost.InsuranceTest@bd8db5a]" started-at="2023-09-29T11:47:33 EDT" name="test_premium" data-provider="dataset1" finished-at="2023-09-29T11:47:33 EDT" duration-ms="1" status="PASS">
          <params>
            <param index="0">
              <value>
                <![CDATA[T6.7]]>
              </value>
            </param>
            <param index="1">
              <value>
                <![CDATA[45]]>
              </value>
            </param>
            <param index="2">
              <value>
                <![CDATA[NO]]>
              </value>
            </param>
            <param index="3">
              <value>
                <![CDATA[false]]>
              </value>
            </param>
            <param index="4">
              <value>
                <![CDATA[500]]>
              </value>
            </param>
          </params>
          <reporter-output>
          </reporter-output>
        </test-method> <!-- test_premium -->
        <test-method signature="test_premium(java.lang.String,int,eost.Insurance$Status,boolean,int)[pri:0, instance:eost.InsuranceTest@bd8db5a]" started-at="2023-09-29T11:47:33 EDT" name="test_premium" data-provider="dataset1" finished-at="2023-09-29T11:47:33 EDT" duration-ms="0" status="PASS">
          <params>
            <param index="0">
              <value>
                <![CDATA[T6.8]]>
              </value>
            </param>
            <param index="1">
              <value>
                <![CDATA[65]]>
              </value>
            </param>
            <param index="2">
              <value>
                <![CDATA[NO]]>
              </value>
            </param>
            <param index="3">
              <value>
                <![CDATA[false]]>
              </value>
            </param>
            <param index="4">
              <value>
                <![CDATA[500]]>
              </value>
            </param>
          </params>
          <reporter-output>
          </reporter-output>
        </test-method> <!-- test_premium -->
        <test-method signature="test_premium(java.lang.String,int,eost.Insurance$Status,boolean,int)[pri:0, instance:eost.InsuranceTest@bd8db5a]" started-at="2023-09-29T11:47:33 EDT" name="test_premium" data-provider="dataset1" finished-at="2023-09-29T11:47:33 EDT" duration-ms="0" status="PASS">
          <params>
            <param index="0">
              <value>
                <![CDATA[T6.9]]>
              </value>
            </param>
            <param index="1">
              <value>
                <![CDATA[66]]>
              </value>
            </param>
            <param index="2">
              <value>
                <![CDATA[NO]]>
              </value>
            </param>
            <param index="3">
              <value>
                <![CDATA[false]]>
              </value>
            </param>
            <param index="4">
              <value>
                <![CDATA[0]]>
              </value>
            </param>
          </params>
          <reporter-output>
          </reporter-output>
        </test-method> <!-- test_premium -->
        <test-method signature="test_premium(java.lang.String,int,eost.Insurance$Status,boolean,int)[pri:0, instance:eost.InsuranceTest@bd8db5a]" started-at="2023-09-29T11:47:33 EDT" name="test_premium" data-provider="dataset1" finished-at="2023-09-29T11:47:33 EDT" duration-ms="0" status="PASS">
          <params>
            <param index="0">
              <value>
                <![CDATA[T7.1]]>
              </value>
            </param>
            <param index="1">
              <value>
                <![CDATA[-2147483648]]>
              </value>
            </param>
            <param index="2">
              <value>
                <![CDATA[NO]]>
              </value>
            </param>
            <param index="3">
              <value>
                <![CDATA[false]]>
              </value>
            </param>
            <param index="4">
              <value>
                <![CDATA[-1]]>
              </value>
            </param>
          </params>
          <reporter-output>
          </reporter-output>
        </test-method> <!-- test_premium -->
        <test-method signature="test_premium(java.lang.String,int,eost.Insurance$Status,boolean,int)[pri:0, instance:eost.InsuranceTest@bd8db5a]" started-at="2023-09-29T11:47:33 EDT" name="test_premium" data-provider="dataset1" finished-at="2023-09-29T11:47:33 EDT" duration-ms="0" status="PASS">
          <params>
            <param index="0">
              <value>
                <![CDATA[T7.2]]>
              </value>
            </param>
            <param index="1">
              <value>
                <![CDATA[2147483647]]>
              </value>
            </param>
            <param index="2">
              <value>
                <![CDATA[NO]]>
              </value>
            </param>
            <param index="3">
              <value>
                <![CDATA[false]]>
              </value>
            </param>
            <param index="4">
              <value>
                <![CDATA[0]]>
              </value>
            </param>
          </params>
          <reporter-output>
          </reporter-output>
        </test-method> <!-- test_premium -->
      </class> <!-- eost.InsuranceTest -->
    </test> <!-- Command line test -->
  </suite> <!-- Command line suite -->
</testng-results>
