<?xml version="1.0" encoding="UTF-8"?>
<!-- Generated by org.testng.reporters.JUnitXMLReporter -->
<testsuite ignored="0" hostname="dewgong" failures="0" tests="21" name="Command line test" time="0.059" errors="0" timestamp="2023-09-29T11:47:33 EDT">
  <testcase classname="eost.InsuranceTest" name="test_premium" time="0.009"/>
  <testcase classname="eost.InsuranceTest" name="test_premium" time="0.0"/>
  <testcase classname="eost.InsuranceTest" name="test_premium" time="0.001"/>
  <testcase classname="eost.InsuranceTest" name="test_premium" time="0.0"/>
  <testcase classname="eost.InsuranceTest" name="test_premium" time="0.0"/>
  <testcase classname="eost.InsuranceTest" name="test_premium" time="0.0"/>
  <testcase classname="eost.InsuranceTest" name="test_premium" time="0.0"/>
  <testcase classname="eost.InsuranceTest" name="test_premium" time="0.0"/>
  <testcase classname="eost.InsuranceTest" name="test_premium" time="0.0"/>
  <testcase classname="eost.InsuranceTest" name="test_premium" time="0.0"/>
  <testcase classname="eost.InsuranceTest" name="test_premium" time="0.0"/>
  <testcase classname="eost.InsuranceTest" name="test_premium" time="0.0"/>
  <testcase classname="eost.InsuranceTest" name="test_premium" time="0.0"/>
  <testcase classname="eost.InsuranceTest" name="test_premium" time="0.0"/>
  <testcase classname="eost.InsuranceTest" name="test_premium" time="0.0"/>
  <testcase classname="eost.InsuranceTest" name="test_premium" time="0.0"/>
  <testcase classname="eost.InsuranceTest" name="test_premium" time="0.001"/>
  <testcase classname="eost.InsuranceTest" name="test_premium" time="0.0"/>
  <testcase classname="eost.InsuranceTest" name="test_premium" time="0.0"/>
  <testcase classname="eost.InsuranceTest" name="test_premium" time="0.0"/>
  <testcase classname="eost.InsuranceTest" name="test_premium" time="0.0"/>
</testsuite> <!-- Command line test -->
